<?xml version="1.0" encoding="UTF-8"?>
<!-- Generated by org.testng.reporters.JUnitReportReporter -->
<testsuite hostname="HIBAML55118" failures="0" tests="3" name="com.qa.test.DemoTest" time="0.022" errors="0" timestamp="10 Nov 2019 13:09:45 GMT">
  <testcase classname="com.qa.test.DemoTest" name="sub" time="0.001"/>
  <testcase classname="com.qa.test.DemoTest" name="mul" time="0.020"/>
  <testcase classname="com.qa.test.DemoTest" name="sum" time="0.001"/>
</testsuite> <!-- com.qa.test.DemoTest -->
