<?xml version="1.0" encoding="UTF-8"?>
<!-- Generated by org.testng.reporters.JUnitReportReporter -->
<testsuite hostname="HIBAML55118" failures="0" tests="3" name="com.qa.test.DemoTest2" time="0.021" errors="0" timestamp="10 Nov 2019 13:10:10 GMT">
  <testcase classname="com.qa.test.DemoTest2" name="sub" time="0.003"/>
  <testcase classname="com.qa.test.DemoTest2" name="mul" time="0.015"/>
  <testcase classname="com.qa.test.DemoTest2" name="sum" time="0.003"/>
</testsuite> <!-- com.qa.test.DemoTest2 -->
