<?xml version="1.0" encoding="UTF-8"?>
<!-- Generated by org.testng.reporters.JUnitReportReporter -->
<testsuite hostname="HIBAML55118" failures="0" tests="3" name="com.qa.test.DemoTest1" time="0.004" errors="0" timestamp="12 Nov 2019 15:48:09 GMT">
  <testcase classname="com.qa.test.DemoTest1" name="sub" time="0.001"/>
  <testcase classname="com.qa.test.DemoTest1" name="mul" time="0.001"/>
  <testcase classname="com.qa.test.DemoTest1" name="sum" time="0.002"/>
</testsuite> <!-- com.qa.test.DemoTest1 -->
